<?xml version="1.0" encoding="UTF-8"?>
<!-- Generated by org.testng.reporters.JUnitXMLReporter -->
<testsuite hostname="ISD-PF01BZG8" ignored="11" name="Default test" tests="1" failures="0" timestamp="05 May 2017 18:05:41 GMT" time="76.022" errors="0">
  <testcase name="assertAutoRcg" time="26.489" classname="testSuite.AmaysimSettings"/>
  <testcase name="assertIntlRoam" time="0.0" classname="testSuite.AmaysimSettings">
    <ignored/>
  </testcase> <!-- assertIntlRoam -->
  <testcase name="assertSMSLimit" time="0.0" classname="testSuite.AmaysimSettings">
    <ignored/>
  </testcase> <!-- assertSMSLimit -->
  <testcase name="assertInvalidNickname" time="0.0" classname="testSuite.AmaysimSettings">
    <ignored/>
  </testcase> <!-- assertInvalidNickname -->
  <testcase name="assertValidPin" time="0.0" classname="testSuite.AmaysimSettings">
    <ignored/>
  </testcase> <!-- assertValidPin -->
  <testcase name="assertCallFwd" time="0.0" classname="testSuite.AmaysimSettings">
    <ignored/>
  </testcase> <!-- assertCallFwd -->
  <testcase name="assertVoiceMail" time="0.0" classname="testSuite.AmaysimSettings">
    <ignored/>
  </testcase> <!-- assertVoiceMail -->
  <testcase name="assertValidNickname" time="0.0" classname="testSuite.AmaysimSettings">
    <ignored/>
  </testcase> <!-- assertValidNickname -->
  <testcase name="assertCallerID" time="0.0" classname="testSuite.AmaysimSettings">
    <ignored/>
  </testcase> <!-- assertCallerID -->
  <testcase name="assertUsageAlerts" time="0.0" classname="testSuite.AmaysimSettings">
    <ignored/>
  </testcase> <!-- assertUsageAlerts -->
  <testcase name="assertCallWait" time="0.0" classname="testSuite.AmaysimSettings">
    <ignored/>
  </testcase> <!-- assertCallWait -->
  <testcase name="assertInvalidPin" time="0.0" classname="testSuite.AmaysimSettings">
    <ignored/>
  </testcase> <!-- assertInvalidPin -->
</testsuite> <!-- Default test -->
